<?xml version="1.0" encoding="UTF-8"?>
<!-- Generated by org.testng.reporters.JUnitXMLReporter -->
<testsuite ignored="0" hostname="Bharat" failures="0" tests="4" name="Test" time="0.061" errors="0" timestamp="2021-05-19T14:54:25 IST">
  <testcase classname="qaacademy.Mavenjava.SeleniumTest" name="Browser" time="0.009"/>
  <testcase classname="qaacademy.Mavenjava.SeleniumTest" name="Browser1" time="0.002"/>
  <testcase classname="qaacademy.Mavenjava.MobileTest" name="Browser4" time="0.001"/>
  <testcase classname="qaacademy.Mavenjava.MobileTest" name="Browser5" time="0.001"/>
</testsuite> <!-- Test -->
