<?xml version="1.0" encoding="UTF-8"?>
<!-- Generated by org.testng.reporters.JUnitXMLReporter -->
<testsuite hostname="Bharat" ignored="0" name="Test" tests="4" failures="0" timestamp="2021-07-29T12:17:12 IST" time="0.066" errors="0">
  <testcase name="Browser" time="0.006" classname="qaacademy.Mavenjava.SeleniumTest"/>
  <testcase name="Browser1" time="0.0" classname="qaacademy.Mavenjava.SeleniumTest"/>
  <testcase name="Browser4" time="0.001" classname="qaacademy.Mavenjava.MobileTest"/>
  <testcase name="Browser5" time="0.001" classname="qaacademy.Mavenjava.MobileTest"/>
</testsuite> <!-- Test -->
