<?xml version="1.0" encoding="UTF-8"?>
<testng-results ignored="0" total="4" passed="4" failed="0" skipped="0">
  <reporter-output>
  </reporter-output>
  <suite started-at="2021-05-19T14:54:25 IST" name="Suite" finished-at="2021-05-19T14:54:25 IST" duration-ms="61">
    <groups>
    </groups>
    <test started-at="2021-05-19T14:54:25 IST" name="Test" finished-at="2021-05-19T14:54:25 IST" duration-ms="61">
      <class name="qaacademy.Mavenjava.SeleniumTest">
        <test-method signature="Browser()[pri:0, instance:qaacademy.Mavenjava.SeleniumTest@346d61be]" started-at="2021-05-19T14:54:25 IST" name="Browser" finished-at="2021-05-19T14:54:25 IST" duration-ms="9" status="PASS">
          <reporter-output>
          </reporter-output>
        </test-method> <!-- Browser -->
        <test-method signature="Browser1()[pri:0, instance:qaacademy.Mavenjava.SeleniumTest@346d61be]" started-at="2021-05-19T14:54:25 IST" name="Browser1" finished-at="2021-05-19T14:54:25 IST" duration-ms="2" status="PASS">
          <reporter-output>
          </reporter-output>
        </test-method> <!-- Browser1 -->
      </class> <!-- qaacademy.Mavenjava.SeleniumTest -->
      <class name="qaacademy.Mavenjava.MobileTest">
        <test-method signature="Browser4()[pri:0, instance:qaacademy.Mavenjava.MobileTest@55536d9e]" started-at="2021-05-19T14:54:25 IST" name="Browser4" finished-at="2021-05-19T14:54:25 IST" duration-ms="1" status="PASS">
          <reporter-output>
          </reporter-output>
        </test-method> <!-- Browser4 -->
        <test-method signature="Browser5()[pri:0, instance:qaacademy.Mavenjava.MobileTest@55536d9e]" started-at="2021-05-19T14:54:25 IST" name="Browser5" finished-at="2021-05-19T14:54:25 IST" duration-ms="1" status="PASS">
          <reporter-output>
          </reporter-output>
        </test-method> <!-- Browser5 -->
      </class> <!-- qaacademy.Mavenjava.MobileTest -->
    </test> <!-- Test -->
  </suite> <!-- Suite -->
</testng-results>
